<?xml version="1.0" encoding="UTF-8"?>
<testng-results skipped="0" failed="0" ignored="0" total="1" passed="1">
  <reporter-output>
    <line>
      <![CDATA[Item is Searched]]>
    </line>
  </reporter-output>
  <suite name="Suite" duration-ms="38907" started-at="2021-06-26T07:53:40Z" finished-at="2021-06-26T07:54:19Z">
    <groups>
    </groups>
    <test name="Testing " duration-ms="38907" started-at="2021-06-26T07:53:40Z" finished-at="2021-06-26T07:54:19Z">
      <class name="com.qa.tests.SnapDeal">
        <test-method status="PASS" signature="setUp(java.lang.String, java.lang.String)[pri:0, instance:com.qa.tests.SnapDeal@cb5822]" name="setUp" is-config="true" duration-ms="6953" started-at="2021-06-26T07:53:40Z" finished-at="2021-06-26T07:53:47Z">
          <params>
            <param index="0">
              <value>
                <![CDATA[Chrome]]>
              </value>
            </param>
            <param index="1">
              <value>
                <![CDATA[https://www.snapdeal.com/]]>
              </value>
            </param>
          </params>
          <reporter-output>
          </reporter-output>
        </test-method> <!-- setUp -->
        <test-method status="PASS" signature="Register()[pri:0, instance:com.qa.tests.SnapDeal@cb5822]" name="Register" duration-ms="30828" started-at="2021-06-26T07:53:47Z" finished-at="2021-06-26T07:54:18Z">
          <reporter-output>
            <line>
              <![CDATA[Item is Searched]]>
            </line>
          </reporter-output>
        </test-method> <!-- Register -->
        <test-method status="PASS" signature="teardown()[pri:0, instance:com.qa.tests.SnapDeal@cb5822]" name="teardown" is-config="true" duration-ms="849" started-at="2021-06-26T07:54:18Z" finished-at="2021-06-26T07:54:19Z">
          <reporter-output>
          </reporter-output>
        </test-method> <!-- teardown -->
      </class> <!-- com.qa.tests.SnapDeal -->
    </test> <!-- Testing  -->
  </suite> <!-- Suite -->
</testng-results>
