<?xml version="1.0" encoding="UTF-8"?>
<testng-results ignored="0" total="1" passed="1" failed="0" skipped="0">
  <reporter-output>
    <line>
      <![CDATA[Item is Searched]]>
    </line>
  </reporter-output>
  <suite started-at="2021-06-24T08:16:24Z" name="Suite" finished-at="2021-06-24T08:17:03Z" duration-ms="38291">
    <groups>
    </groups>
    <test started-at="2021-06-24T08:16:24Z" name="Testing " finished-at="2021-06-24T08:17:03Z" duration-ms="38291">
      <class name="com.qa.tests.SnapDeal">
        <test-method is-config="true" signature="setUp(java.lang.String, java.lang.String)[pri:0, instance:com.qa.tests.SnapDeal@61386958]" started-at="2021-06-24T08:16:25Z" name="setUp" finished-at="2021-06-24T08:16:31Z" duration-ms="6031" status="PASS">
          <params>
            <param index="0">
              <value>
                <![CDATA[Chrome]]>
              </value>
            </param>
            <param index="1">
              <value>
                <![CDATA[https://www.snapdeal.com/]]>
              </value>
            </param>
          </params>
          <reporter-output>
          </reporter-output>
        </test-method> <!-- setUp -->
        <test-method signature="Register()[pri:0, instance:com.qa.tests.SnapDeal@61386958]" started-at="2021-06-24T08:16:31Z" name="Register" finished-at="2021-06-24T08:17:02Z" duration-ms="31820" status="PASS">
          <reporter-output>
            <line>
              <![CDATA[Item is Searched]]>
            </line>
          </reporter-output>
        </test-method> <!-- Register -->
        <test-method is-config="true" signature="teardown()[pri:0, instance:com.qa.tests.SnapDeal@61386958]" started-at="2021-06-24T08:17:02Z" name="teardown" finished-at="2021-06-24T08:17:03Z" duration-ms="123" status="PASS">
          <reporter-output>
          </reporter-output>
        </test-method> <!-- teardown -->
      </class> <!-- com.qa.tests.SnapDeal -->
    </test> <!-- Testing  -->
  </suite> <!-- Suite -->
</testng-results>
